This file contains any messages produced by compilers while
running configure, to aid debugging if configure makes a mistake.

It was created by NCL configure 2.0.04, which was
generated by GNU Autoconf 2.61.  Invocation command line was

  $ ./configure --no-create --no-recursion

## --------- ##
## Platform. ##
## --------- ##

hostname = xmorthanc
uname -m = x86_64
uname -r = 2.6.18-xen
uname -s = Linux
uname -v = #1 SMP Fri May 18 16:01:42 BST 2007

/usr/bin/uname -p = unknown
/bin/uname -X     = unknown

/bin/arch              = unknown
/usr/bin/arch -k       = unknown
/usr/convex/getsysinfo = unknown
/usr/bin/hostinfo      = unknown
/bin/machine           = unknown
/usr/bin/oslevel       = unknown
/bin/universe          = unknown

PATH: /usr/local/bin
PATH: /usr/bin
PATH: /bin
PATH: /usr/bin/X11
PATH: /usr/bin/X11


## ----------- ##
## Core tests. ##
## ----------- ##

configure:2000: checking for a BSD-compatible install
configure:2056: result: /usr/bin/install -c
configure:2067: checking whether build environment is sane
configure:2110: result: yes
configure:2138: checking for a thread-safe mkdir -p
configure:2177: result: /bin/mkdir -p
configure:2190: checking for gawk
configure:2217: result: mawk
configure:2228: checking whether make sets $(MAKE)
configure:2249: result: yes
configure:2432: checking how to create a ustar tar archive
configure:2445: tar --version
tar (GNU tar) 1.22
Copyright (C) 2009 Free Software Foundation, Inc.
License GPLv3+: GNU GPL version 3 or later <http://gnu.org/licenses/gpl.html>.
This is free software: you are free to change and redistribute it.
There is NO WARRANTY, to the extent permitted by law.

Written by John Gilmore and Jay Fenlason.
configure:2448: $? = 0
configure:2488: tardir=conftest.dir && eval tar --format=ustar -chf - "$tardir" >conftest.tar
configure:2491: $? = 0
configure:2495: tar -xf - <conftest.tar
configure:2498: $? = 0
configure:2511: result: gnutar
configure:2522: checking whether ln -s works
configure:2526: result: yes
configure:2546: checking for a BSD-compatible install
configure:2602: result: /usr/bin/install -c
configure:2680: checking for g++
configure:2696: found /usr/bin/g++
configure:2707: result: g++
configure:2738: checking for C++ compiler version
configure:2745: g++ --version >&5
g++ (Debian 4.3.4-5) 4.3.4
Copyright (C) 2008 Free Software Foundation, Inc.
This is free software; see the source for copying conditions.  There is NO
warranty; not even for MERCHANTABILITY or FITNESS FOR A PARTICULAR PURPOSE.

configure:2748: $? = 0
configure:2755: g++ -v >&5
Using built-in specs.
Target: x86_64-linux-gnu
Configured with: ../src/configure -v --with-pkgversion='Debian 4.3.4-5' --with-bugurl=file:///usr/share/doc/gcc-4.3/README.Bugs --enable-languages=c,c++,fortran,objc,obj-c++ --prefix=/usr --enable-shared --enable-multiarch --enable-linker-build-id --with-system-zlib --libexecdir=/usr/lib --without-included-gettext --enable-threads=posix --enable-nls --with-gxx-include-dir=/usr/include/c++/4.3 --program-suffix=-4.3 --enable-clocale=gnu --enable-libstdcxx-debug --enable-objc-gc --enable-mpfr --with-tune=generic --enable-checking=release --build=x86_64-linux-gnu --host=x86_64-linux-gnu --target=x86_64-linux-gnu
Thread model: posix
gcc version 4.3.4 (Debian 4.3.4-5) 
configure:2758: $? = 0
configure:2765: g++ -V >&5
g++: '-V' option must have argument
configure:2768: $? = 1
configure:2791: checking for C++ compiler default output file name
configure:2818: g++    conftest.cpp  >&5
configure:2821: $? = 0
configure:2859: result: a.out
configure:2876: checking whether the C++ compiler works
configure:2886: ./a.out
configure:2889: $? = 0
configure:2906: result: yes
configure:2913: checking whether we are cross compiling
configure:2915: result: no
configure:2918: checking for suffix of executables
configure:2925: g++ -o conftest    conftest.cpp  >&5
configure:2928: $? = 0
configure:2952: result: 
configure:2958: checking for suffix of object files
configure:2984: g++ -c   conftest.cpp >&5
configure:2987: $? = 0
configure:3010: result: o
configure:3014: checking whether we are using the GNU C++ compiler
configure:3043: g++ -c   conftest.cpp >&5
configure:3049: $? = 0
configure:3066: result: yes
configure:3071: checking whether g++ accepts -g
configure:3101: g++ -c -g  conftest.cpp >&5
configure:3107: $? = 0
configure:3206: result: yes
configure:3240: checking for style of include used by make
configure:3268: result: GNU
configure:3293: checking dependency style of g++
configure:3384: result: gcc3
configure:3442: checking for ranlib
configure:3458: found /usr/bin/ranlib
configure:3469: result: ranlib
configure:3573: checking build system type
configure:3591: result: x86_64-unknown-linux-gnu
configure:3613: checking host system type
configure:3628: result: x86_64-unknown-linux-gnu
configure:3698: checking for gcc
configure:3714: found /usr/bin/gcc
configure:3725: result: gcc
configure:3963: checking for C compiler version
configure:3970: gcc --version >&5
gcc (Debian 4.3.4-5) 4.3.4
Copyright (C) 2008 Free Software Foundation, Inc.
This is free software; see the source for copying conditions.  There is NO
warranty; not even for MERCHANTABILITY or FITNESS FOR A PARTICULAR PURPOSE.

configure:3973: $? = 0
configure:3980: gcc -v >&5
Using built-in specs.
Target: x86_64-linux-gnu
Configured with: ../src/configure -v --with-pkgversion='Debian 4.3.4-5' --with-bugurl=file:///usr/share/doc/gcc-4.3/README.Bugs --enable-languages=c,c++,fortran,objc,obj-c++ --prefix=/usr --enable-shared --enable-multiarch --enable-linker-build-id --with-system-zlib --libexecdir=/usr/lib --without-included-gettext --enable-threads=posix --enable-nls --with-gxx-include-dir=/usr/include/c++/4.3 --program-suffix=-4.3 --enable-clocale=gnu --enable-libstdcxx-debug --enable-objc-gc --enable-mpfr --with-tune=generic --enable-checking=release --build=x86_64-linux-gnu --host=x86_64-linux-gnu --target=x86_64-linux-gnu
Thread model: posix
gcc version 4.3.4 (Debian 4.3.4-5) 
configure:3983: $? = 0
configure:3990: gcc -V >&5
gcc: '-V' option must have argument
configure:3993: $? = 1
configure:3996: checking whether we are using the GNU C compiler
configure:4025: gcc -c   conftest.c >&5
configure:4031: $? = 0
configure:4048: result: yes
configure:4053: checking whether gcc accepts -g
configure:4083: gcc -c -g  conftest.c >&5
configure:4089: $? = 0
configure:4188: result: yes
configure:4205: checking for gcc option to accept ISO C89
configure:4279: gcc  -c -g -O2  conftest.c >&5
configure:4285: $? = 0
configure:4308: result: none needed
configure:4328: checking dependency style of gcc
configure:4419: result: gcc3
configure:4434: checking for a sed that does not truncate output
configure:4488: result: /bin/sed
configure:4491: checking for grep that handles long lines and -e
configure:4565: result: /bin/grep
configure:4570: checking for egrep
configure:4648: result: /bin/grep -E
configure:4664: checking for ld used by gcc
configure:4731: result: /usr/bin/ld
configure:4740: checking if the linker (/usr/bin/ld) is GNU ld
configure:4755: result: yes
configure:4760: checking for /usr/bin/ld option to reload object files
configure:4767: result: -r
configure:4785: checking for BSD-compatible nm
configure:4827: result: /usr/bin/nm -B
configure:4831: checking how to recognise dependent libraries
configure:5003: result: pass_all
configure:5088: gcc -c -g -O2  conftest.c >&5
configure:5091: $? = 0
configure:5214: checking how to run the C preprocessor
configure:5254: gcc -E  conftest.c
configure:5260: $? = 0
configure:5291: gcc -E  conftest.c
conftest.c:10:28: error: ac_nonexistent.h: No such file or directory
configure:5297: $? = 1
configure: failed program was:
| /* confdefs.h.  */
| #define PACKAGE_NAME "NCL"
| #define PACKAGE_TARNAME "ncl"
| #define PACKAGE_VERSION "2.0.04"
| #define PACKAGE_STRING "NCL 2.0.04"
| #define PACKAGE_BUGREPORT "paul.lewis@uconn.edu"
| #define PACKAGE "ncl"
| #define VERSION "2.0.04"
| /* end confdefs.h.  */
| #include <ac_nonexistent.h>
configure:5330: result: gcc -E
configure:5359: gcc -E  conftest.c
configure:5365: $? = 0
configure:5396: gcc -E  conftest.c
conftest.c:10:28: error: ac_nonexistent.h: No such file or directory
configure:5402: $? = 1
configure: failed program was:
| /* confdefs.h.  */
| #define PACKAGE_NAME "NCL"
| #define PACKAGE_TARNAME "ncl"
| #define PACKAGE_VERSION "2.0.04"
| #define PACKAGE_STRING "NCL 2.0.04"
| #define PACKAGE_BUGREPORT "paul.lewis@uconn.edu"
| #define PACKAGE "ncl"
| #define VERSION "2.0.04"
| /* end confdefs.h.  */
| #include <ac_nonexistent.h>
configure:5440: checking for ANSI C header files
configure:5470: gcc -c -g -O2  conftest.c >&5
configure:5476: $? = 0
configure:5575: gcc -o conftest -g -O2   conftest.c  >&5
configure:5578: $? = 0
configure:5584: ./conftest
configure:5587: $? = 0
configure:5604: result: yes
configure:5628: checking for sys/types.h
configure:5649: gcc -c -g -O2  conftest.c >&5
configure:5655: $? = 0
configure:5671: result: yes
configure:5628: checking for sys/stat.h
configure:5649: gcc -c -g -O2  conftest.c >&5
configure:5655: $? = 0
configure:5671: result: yes
configure:5628: checking for stdlib.h
configure:5649: gcc -c -g -O2  conftest.c >&5
configure:5655: $? = 0
configure:5671: result: yes
configure:5628: checking for string.h
configure:5649: gcc -c -g -O2  conftest.c >&5
configure:5655: $? = 0
configure:5671: result: yes
configure:5628: checking for memory.h
configure:5649: gcc -c -g -O2  conftest.c >&5
configure:5655: $? = 0
configure:5671: result: yes
configure:5628: checking for strings.h
configure:5649: gcc -c -g -O2  conftest.c >&5
configure:5655: $? = 0
configure:5671: result: yes
configure:5628: checking for inttypes.h
configure:5649: gcc -c -g -O2  conftest.c >&5
configure:5655: $? = 0
configure:5671: result: yes
configure:5628: checking for stdint.h
configure:5649: gcc -c -g -O2  conftest.c >&5
configure:5655: $? = 0
configure:5671: result: yes
configure:5628: checking for unistd.h
configure:5649: gcc -c -g -O2  conftest.c >&5
configure:5655: $? = 0
configure:5671: result: yes
configure:5698: checking dlfcn.h usability
configure:5715: gcc -c -g -O2  conftest.c >&5
configure:5721: $? = 0
configure:5735: result: yes
configure:5739: checking dlfcn.h presence
configure:5754: gcc -E  conftest.c
configure:5760: $? = 0
configure:5774: result: yes
configure:5807: checking for dlfcn.h
configure:5815: result: yes
configure:5838: checking how to run the C++ preprocessor
configure:5874: g++ -E  conftest.cpp
configure:5880: $? = 0
configure:5911: g++ -E  conftest.cpp
conftest.cpp:21:28: error: ac_nonexistent.h: No such file or directory
configure:5917: $? = 1
configure: failed program was:
| /* confdefs.h.  */
| #define PACKAGE_NAME "NCL"
| #define PACKAGE_TARNAME "ncl"
| #define PACKAGE_VERSION "2.0.04"
| #define PACKAGE_STRING "NCL 2.0.04"
| #define PACKAGE_BUGREPORT "paul.lewis@uconn.edu"
| #define PACKAGE "ncl"
| #define VERSION "2.0.04"
| #define STDC_HEADERS 1
| #define HAVE_SYS_TYPES_H 1
| #define HAVE_SYS_STAT_H 1
| #define HAVE_STDLIB_H 1
| #define HAVE_STRING_H 1
| #define HAVE_MEMORY_H 1
| #define HAVE_STRINGS_H 1
| #define HAVE_INTTYPES_H 1
| #define HAVE_STDINT_H 1
| #define HAVE_UNISTD_H 1
| #define HAVE_DLFCN_H 1
| /* end confdefs.h.  */
| #include <ac_nonexistent.h>
configure:5950: result: g++ -E
configure:5979: g++ -E  conftest.cpp
configure:5985: $? = 0
configure:6016: g++ -E  conftest.cpp
conftest.cpp:21:28: error: ac_nonexistent.h: No such file or directory
configure:6022: $? = 1
configure: failed program was:
| /* confdefs.h.  */
| #define PACKAGE_NAME "NCL"
| #define PACKAGE_TARNAME "ncl"
| #define PACKAGE_VERSION "2.0.04"
| #define PACKAGE_STRING "NCL 2.0.04"
| #define PACKAGE_BUGREPORT "paul.lewis@uconn.edu"
| #define PACKAGE "ncl"
| #define VERSION "2.0.04"
| #define STDC_HEADERS 1
| #define HAVE_SYS_TYPES_H 1
| #define HAVE_SYS_STAT_H 1
| #define HAVE_STDLIB_H 1
| #define HAVE_STRING_H 1
| #define HAVE_MEMORY_H 1
| #define HAVE_STRINGS_H 1
| #define HAVE_INTTYPES_H 1
| #define HAVE_STDINT_H 1
| #define HAVE_UNISTD_H 1
| #define HAVE_DLFCN_H 1
| /* end confdefs.h.  */
| #include <ac_nonexistent.h>
configure:6115: checking for g77
configure:6145: result: no
configure:6115: checking for xlf
configure:6145: result: no
configure:6115: checking for f77
configure:6145: result: no
configure:6115: checking for frt
configure:6145: result: no
configure:6115: checking for pgf77
configure:6145: result: no
configure:6115: checking for cf77
configure:6145: result: no
configure:6115: checking for fort77
configure:6145: result: no
configure:6115: checking for fl32
configure:6145: result: no
configure:6115: checking for af77
configure:6145: result: no
configure:6115: checking for xlf90
configure:6145: result: no
configure:6115: checking for f90
configure:6145: result: no
configure:6115: checking for pgf90
configure:6145: result: no
configure:6115: checking for pghpf
configure:6145: result: no
configure:6115: checking for epcf90
configure:6145: result: no
configure:6115: checking for gfortran
configure:6131: found /usr/bin/gfortran
configure:6142: result: gfortran
configure:6172: checking for Fortran 77 compiler version
configure:6179: gfortran --version >&5
GNU Fortran (Debian 4.3.4-5) 4.3.4
Copyright (C) 2008 Free Software Foundation, Inc.

GNU Fortran comes with NO WARRANTY, to the extent permitted by law.
You may redistribute copies of GNU Fortran
under the terms of the GNU General Public License.
For more information about these matters, see the file named COPYING

configure:6182: $? = 0
configure:6189: gfortran -v >&5
Using built-in specs.
Target: x86_64-linux-gnu
Configured with: ../src/configure -v --with-pkgversion='Debian 4.3.4-5' --with-bugurl=file:///usr/share/doc/gcc-4.3/README.Bugs --enable-languages=c,c++,fortran,objc,obj-c++ --prefix=/usr --enable-shared --enable-multiarch --enable-linker-build-id --with-system-zlib --libexecdir=/usr/lib --without-included-gettext --enable-threads=posix --enable-nls --with-gxx-include-dir=/usr/include/c++/4.3 --program-suffix=-4.3 --enable-clocale=gnu --enable-libstdcxx-debug --enable-objc-gc --enable-mpfr --with-tune=generic --enable-checking=release --build=x86_64-linux-gnu --host=x86_64-linux-gnu --target=x86_64-linux-gnu
Thread model: posix
gcc version 4.3.4 (Debian 4.3.4-5) 
configure:6192: $? = 0
configure:6199: gfortran -V >&5
gfortran: '-V' option must have argument
configure:6202: $? = 1
configure:6210: checking whether we are using the GNU Fortran 77 compiler
configure:6229: gfortran -c  conftest.F >&5
configure:6235: $? = 0
configure:6252: result: yes
configure:6258: checking whether gfortran accepts -g
configure:6275: gfortran -c -g conftest.f >&5
configure:6281: $? = 0
configure:6297: result: yes
configure:6327: checking the maximum length of command line arguments
configure:6419: result: 32768
configure:6430: checking command to parse /usr/bin/nm -B output from gcc object
configure:6526: gcc -c -g -O2  conftest.c >&5
configure:6529: $? = 0
configure:6533: /usr/bin/nm -B conftest.o \| sed -n -e 's/^.*[ 	]\([ABCDGIRSTW][ABCDGIRSTW]*\)[ 	][ 	]*\([_A-Za-z][_A-Za-z0-9]*\)$/\1 \2 \2/p' \> conftest.nm
configure:6536: $? = 0
configure:6588: gcc -o conftest -g -O2   conftest.c conftstm.o >&5
configure:6591: $? = 0
configure:6629: result: ok
configure:6633: checking for objdir
configure:6648: result: .libs
configure:6740: checking for ar
configure:6756: found /usr/bin/ar
configure:6767: result: ar
configure:6836: checking for ranlib
configure:6863: result: ranlib
configure:6932: checking for strip
configure:6948: found /usr/bin/strip
configure:6959: result: strip
configure:7260: checking if gcc static flag  works
configure:7288: result: yes
configure:7310: checking if gcc supports -fno-rtti -fno-exceptions
configure:7328: gcc -c -g -O2  -fno-rtti -fno-exceptions conftest.c >&5
cc1: warning: command line option "-fno-rtti" is valid for C++/ObjC++ but not for C
configure:7332: $? = 0
configure:7345: result: no
configure:7360: checking for gcc option to produce PIC
configure:7564: result: -fPIC
configure:7572: checking if gcc PIC flag -fPIC works
configure:7590: gcc -c -g -O2  -fPIC -DPIC conftest.c >&5
configure:7594: $? = 0
configure:7607: result: yes
configure:7631: checking if gcc supports -c -o file.o
configure:7652: gcc -c -g -O2  -o out/conftest2.o conftest.c >&5
configure:7656: $? = 0
configure:7678: result: yes
configure:7704: checking whether the gcc linker (/usr/bin/ld -m elf_x86_64) supports shared libraries
configure:8595: result: yes
configure:8621: checking whether -lc should be explicitly linked in
configure:8626: gcc -c -g -O2  conftest.c >&5
configure:8629: $? = 0
configure:8643: gcc -shared conftest.o  -v -Wl,-soname -Wl,conftest -o conftest 2\>\&1 \| grep  -lc  \>/dev/null 2\>\&1
configure:8646: $? = 0
configure:8658: result: no
configure:8666: checking dynamic linker characteristics
configure:9034: gcc -c -g -O2  conftest.c >&5
configure:9037: $? = 0
configure:9229: result: GNU/Linux ld.so
configure:9233: checking how to hardcode library paths into programs
configure:9258: result: immediate
configure:9272: checking whether stripping libraries is possible
configure:9277: result: yes
configure:10074: checking if libtool supports shared libraries
configure:10076: result: yes
configure:10079: checking whether to build shared libraries
configure:10100: result: yes
configure:10103: checking whether to build static libraries
configure:10107: result: yes
configure:10199: creating libtool
configure:10777: checking for ld used by g++
configure:10844: result: /usr/bin/ld -m elf_x86_64
configure:10853: checking if the linker (/usr/bin/ld -m elf_x86_64) is GNU ld
configure:10868: result: yes
configure:10919: checking whether the g++ linker (/usr/bin/ld -m elf_x86_64) supports shared libraries
configure:11802: result: yes
configure:11824: g++ -c -g -O2  conftest.cc >&5
configure:11827: $? = 0
configure:11923: checking for g++ option to produce PIC
configure:12191: result: -fPIC
configure:12199: checking if g++ PIC flag -fPIC works
configure:12217: g++ -c -g -O2  -fPIC -DPIC conftest.cc >&5
configure:12221: $? = 0
configure:12234: result: yes
configure:12258: checking if g++ supports -c -o file.o
configure:12279: g++ -c -g -O2  -o out/conftest2.o conftest.cc >&5
configure:12283: $? = 0
configure:12305: result: yes
configure:12331: checking whether the g++ linker (/usr/bin/ld -m elf_x86_64) supports shared libraries
configure:12356: result: yes
configure:12427: checking dynamic linker characteristics
configure:12795: g++ -c -g -O2  conftest.cc >&5
configure:12798: $? = 0
configure:12990: result: GNU/Linux ld.so
configure:12994: checking how to hardcode library paths into programs
configure:13019: result: immediate
configure:13033: checking whether stripping libraries is possible
configure:13038: result: yes
configure:14341: checking if libtool supports shared libraries
configure:14343: result: yes
configure:14346: checking whether to build shared libraries
configure:14366: result: yes
configure:14369: checking whether to build static libraries
configure:14373: result: yes
configure:14385: checking for gfortran option to produce PIC
configure:14589: result: -fPIC
configure:14597: checking if gfortran PIC flag -fPIC works
configure:14615: gfortran -c -g -O2 -fPIC conftest.f >&5
configure:14619: $? = 0
configure:14632: result: yes
configure:14656: checking if gfortran supports -c -o file.o
configure:14677: gfortran -c -g -O2 -o out/conftest2.o conftest.f >&5
configure:14681: $? = 0
configure:14703: result: yes
configure:14729: checking whether the gfortran linker (/usr/bin/ld -m elf_x86_64) supports shared libraries
configure:15600: result: yes
configure:15671: checking dynamic linker characteristics
configure:16039: gfortran -c -g -O2 conftest.f >&5
Warning: conftest.f:1: Illegal preprocessor directive
configure:16042: $? = 0
configure:16234: result: GNU/Linux ld.so
configure:16238: checking how to hardcode library paths into programs
configure:16263: result: immediate
configure:16277: checking whether stripping libraries is possible
configure:16282: result: yes
configure:20585: checking for ANSI C header files
configure:20749: result: yes
configure:20775: checking float.h usability
configure:20792: gcc -c -g -O2  conftest.c >&5
configure:20798: $? = 0
configure:20812: result: yes
configure:20816: checking float.h presence
configure:20831: gcc -E  conftest.c
configure:20837: $? = 0
configure:20851: result: yes
configure:20884: checking for float.h
configure:20892: result: yes
configure:20765: checking for stdlib.h
configure:20771: result: yes
configure:20907: checking for stdbool.h that conforms to C99
configure:21000: gcc -c -g -O2  conftest.c >&5
configure:21006: $? = 0
configure:21021: result: yes
configure:21023: checking for _Bool
configure:21053: gcc -c -g -O2  conftest.c >&5
configure:21059: $? = 0
configure:21074: result: yes
configure:21093: checking for an ANSI C-conforming const
configure:21168: gcc -c -g -O2  conftest.c >&5
configure:21174: $? = 0
configure:21189: result: yes
configure:21199: checking for inline
configure:21225: gcc -c -g -O2  conftest.c >&5
configure:21231: $? = 0
configure:21249: result: inline
configure:21268: checking whether struct tm is in sys/time.h or time.h
configure:21298: gcc -c -g -O2  conftest.c >&5
configure:21304: $? = 0
configure:21319: result: time.h
configure:21331: checking whether time.h and sys/time.h may both be included
configure:21361: gcc -c -g -O2  conftest.c >&5
configure:21367: $? = 0
configure:21382: result: yes
configure:21410: checking sys/time.h usability
configure:21427: gcc -c -g -O2  conftest.c >&5
configure:21433: $? = 0
configure:21447: result: yes
configure:21451: checking sys/time.h presence
configure:21466: gcc -E  conftest.c
configure:21472: $? = 0
configure:21486: result: yes
configure:21519: checking for sys/time.h
configure:21527: result: yes
configure:21400: checking for unistd.h
configure:21406: result: yes
configure:21551: checking for alarm
configure:21607: gcc -o conftest -g -O2   conftest.c  >&5
configure:21613: $? = 0
configure:21631: result: yes
configure:21657: checking for working mktime
configure:21866: gcc -o conftest -g -O2   conftest.c  >&5
configure:21869: $? = 0
configure:21875: ./conftest
./configure: line 21876:  8814 Alarm clock             ./conftest$ac_exeext
configure:21878: $? = 142
configure: program exited with status 142
configure: failed program was:
| /* confdefs.h.  */
| #define PACKAGE_NAME "NCL"
| #define PACKAGE_TARNAME "ncl"
| #define PACKAGE_VERSION "2.0.04"
| #define PACKAGE_STRING "NCL 2.0.04"
| #define PACKAGE_BUGREPORT "paul.lewis@uconn.edu"
| #define PACKAGE "ncl"
| #define VERSION "2.0.04"
| #define STDC_HEADERS 1
| #define HAVE_SYS_TYPES_H 1
| #define HAVE_SYS_STAT_H 1
| #define HAVE_STDLIB_H 1
| #define HAVE_STRING_H 1
| #define HAVE_MEMORY_H 1
| #define HAVE_STRINGS_H 1
| #define HAVE_INTTYPES_H 1
| #define HAVE_STDINT_H 1
| #define HAVE_UNISTD_H 1
| #define HAVE_DLFCN_H 1
| #define STDC_HEADERS 1
| #define HAVE_FLOAT_H 1
| #define HAVE_STDLIB_H 1
| #define HAVE__BOOL 1
| #define HAVE_STDBOOL_H 1
| #define TIME_WITH_SYS_TIME 1
| #define HAVE_SYS_TIME_H 1
| #define HAVE_UNISTD_H 1
| #define HAVE_ALARM 1
| /* end confdefs.h.  */
| /* Test program from Paul Eggert and Tony Leneis.  */
| #ifdef TIME_WITH_SYS_TIME
| # include <sys/time.h>
| # include <time.h>
| #else
| # ifdef HAVE_SYS_TIME_H
| #  include <sys/time.h>
| # else
| #  include <time.h>
| # endif
| #endif
| 
| #include <stdlib.h>
| 
| #ifdef HAVE_UNISTD_H
| # include <unistd.h>
| #endif
| 
| #ifndef HAVE_ALARM
| # define alarm(X) /* empty */
| #endif
| 
| /* Work around redefinition to rpl_putenv by other config tests.  */
| #undef putenv
| 
| static time_t time_t_max;
| static time_t time_t_min;
| 
| /* Values we'll use to set the TZ environment variable.  */
| static char *tz_strings[] = {
|   (char *) 0, "TZ=GMT0", "TZ=JST-9",
|   "TZ=EST+3EDT+2,M10.1.0/00:00:00,M2.3.0/00:00:00"
| };
| #define N_STRINGS (sizeof (tz_strings) / sizeof (tz_strings[0]))
| 
| /* Return 0 if mktime fails to convert a date in the spring-forward gap.
|    Based on a problem report from Andreas Jaeger.  */
| static int
| spring_forward_gap ()
| {
|   /* glibc (up to about 1998-10-07) failed this test. */
|   struct tm tm;
| 
|   /* Use the portable POSIX.1 specification "TZ=PST8PDT,M4.1.0,M10.5.0"
|      instead of "TZ=America/Vancouver" in order to detect the bug even
|      on systems that don't support the Olson extension, or don't have the
|      full zoneinfo tables installed.  */
|   putenv ("TZ=PST8PDT,M4.1.0,M10.5.0");
| 
|   tm.tm_year = 98;
|   tm.tm_mon = 3;
|   tm.tm_mday = 5;
|   tm.tm_hour = 2;
|   tm.tm_min = 0;
|   tm.tm_sec = 0;
|   tm.tm_isdst = -1;
|   return mktime (&tm) != (time_t) -1;
| }
| 
| static int
| mktime_test1 (now)
|      time_t now;
| {
|   struct tm *lt;
|   return ! (lt = localtime (&now)) || mktime (lt) == now;
| }
| 
| static int
| mktime_test (now)
|      time_t now;
| {
|   return (mktime_test1 (now)
| 	  && mktime_test1 ((time_t) (time_t_max - now))
| 	  && mktime_test1 ((time_t) (time_t_min + now)));
| }
| 
| static int
| irix_6_4_bug ()
| {
|   /* Based on code from Ariel Faigon.  */
|   struct tm tm;
|   tm.tm_year = 96;
|   tm.tm_mon = 3;
|   tm.tm_mday = 0;
|   tm.tm_hour = 0;
|   tm.tm_min = 0;
|   tm.tm_sec = 0;
|   tm.tm_isdst = -1;
|   mktime (&tm);
|   return tm.tm_mon == 2 && tm.tm_mday == 31;
| }
| 
| static int
| bigtime_test (j)
|      int j;
| {
|   struct tm tm;
|   time_t now;
|   tm.tm_year = tm.tm_mon = tm.tm_mday = tm.tm_hour = tm.tm_min = tm.tm_sec = j;
|   now = mktime (&tm);
|   if (now != (time_t) -1)
|     {
|       struct tm *lt = localtime (&now);
|       if (! (lt
| 	     && lt->tm_year == tm.tm_year
| 	     && lt->tm_mon == tm.tm_mon
| 	     && lt->tm_mday == tm.tm_mday
| 	     && lt->tm_hour == tm.tm_hour
| 	     && lt->tm_min == tm.tm_min
| 	     && lt->tm_sec == tm.tm_sec
| 	     && lt->tm_yday == tm.tm_yday
| 	     && lt->tm_wday == tm.tm_wday
| 	     && ((lt->tm_isdst < 0 ? -1 : 0 < lt->tm_isdst)
| 		  == (tm.tm_isdst < 0 ? -1 : 0 < tm.tm_isdst))))
| 	return 0;
|     }
|   return 1;
| }
| 
| static int
| year_2050_test ()
| {
|   /* The correct answer for 2050-02-01 00:00:00 in Pacific time,
|      ignoring leap seconds.  */
|   unsigned long int answer = 2527315200UL;
| 
|   struct tm tm;
|   time_t t;
|   tm.tm_year = 2050 - 1900;
|   tm.tm_mon = 2 - 1;
|   tm.tm_mday = 1;
|   tm.tm_hour = tm.tm_min = tm.tm_sec = 0;
|   tm.tm_isdst = -1;
| 
|   /* Use the portable POSIX.1 specification "TZ=PST8PDT,M4.1.0,M10.5.0"
|      instead of "TZ=America/Vancouver" in order to detect the bug even
|      on systems that don't support the Olson extension, or don't have the
|      full zoneinfo tables installed.  */
|   putenv ("TZ=PST8PDT,M4.1.0,M10.5.0");
| 
|   t = mktime (&tm);
| 
|   /* Check that the result is either a failure, or close enough
|      to the correct answer that we can assume the discrepancy is
|      due to leap seconds.  */
|   return (t == (time_t) -1
| 	  || (0 < t && answer - 120 <= t && t <= answer + 120));
| }
| 
| int
| main ()
| {
|   time_t t, delta;
|   int i, j;
| 
|   /* This test makes some buggy mktime implementations loop.
|      Give up after 60 seconds; a mktime slower than that
|      isn't worth using anyway.  */
|   alarm (5);
| 
|   for (time_t_max = 1; 0 < time_t_max; time_t_max *= 2)
|     continue;
|   time_t_max--;
|   if ((time_t) -1 < 0)
|     for (time_t_min = -1; (time_t) (time_t_min * 2) < 0; time_t_min *= 2)
|       continue;
|   delta = time_t_max / 997; /* a suitable prime number */
|   for (i = 0; i < N_STRINGS; i++)
|     {
|       if (tz_strings[i])
| 	putenv (tz_strings[i]);
| 
|       for (t = 0; t <= time_t_max - delta; t += delta)
| 	if (! mktime_test (t))
| 	  return 1;
|       if (! (mktime_test ((time_t) 1)
| 	     && mktime_test ((time_t) (60 * 60))
| 	     && mktime_test ((time_t) (60 * 60 * 24))))
| 	return 1;
| 
|       for (j = 1; 0 < j; j *= 2)
| 	if (! bigtime_test (j))
| 	  return 1;
|       if (! bigtime_test (j - 1))
| 	return 1;
|     }
|   return ! (irix_6_4_bug () && spring_forward_gap () && year_2050_test ());
| }
configure:21894: result: no
configure:21905: checking for working strtod
configure:21956: gcc -o conftest -g -O2   conftest.c  >&5
configure:21959: $? = 0
configure:21965: ./conftest
configure:21968: $? = 0
configure:21984: result: yes
configure:22154: checking for memmove
configure:22210: gcc -o conftest -g -O2   conftest.c  >&5
conftest.c:53: warning: conflicting types for built-in function 'memmove'
configure:22216: $? = 0
configure:22234: result: yes
configure:22154: checking for strchr
configure:22210: gcc -o conftest -g -O2   conftest.c  >&5
conftest.c:54: warning: conflicting types for built-in function 'strchr'
configure:22216: $? = 0
configure:22234: result: yes
configure:22154: checking for strtol
configure:22210: gcc -o conftest -g -O2   conftest.c  >&5
configure:22216: $? = 0
configure:22234: result: yes
configure:22251: checking for python
configure:22269: found /usr/bin/python
configure:22281: result: /usr/bin/python
configure:22333: checking python module: subprocess
configure:22343: result: yes
configure:22380: checking whether make sets $(MAKE)
configure:22401: result: yes
configure:22535: creating ./config.status

## ---------------- ##
## Cache variables. ##
## ---------------- ##

ac_cv_build=x86_64-unknown-linux-gnu
ac_cv_c_compiler_gnu=yes
ac_cv_c_const=yes
ac_cv_c_inline=inline
ac_cv_cxx_compiler_gnu=yes
ac_cv_env_CCC_set=
ac_cv_env_CCC_value=
ac_cv_env_CC_set=
ac_cv_env_CC_value=
ac_cv_env_CFLAGS_set=
ac_cv_env_CFLAGS_value=
ac_cv_env_CPPFLAGS_set=
ac_cv_env_CPPFLAGS_value=
ac_cv_env_CPP_set=
ac_cv_env_CPP_value=
ac_cv_env_CXXCPP_set=
ac_cv_env_CXXCPP_value=
ac_cv_env_CXXFLAGS_set=
ac_cv_env_CXXFLAGS_value=
ac_cv_env_CXX_set=
ac_cv_env_CXX_value=
ac_cv_env_F77_set=
ac_cv_env_F77_value=
ac_cv_env_FFLAGS_set=
ac_cv_env_FFLAGS_value=
ac_cv_env_LDFLAGS_set=
ac_cv_env_LDFLAGS_value=
ac_cv_env_LIBS_set=
ac_cv_env_LIBS_value=
ac_cv_env_build_alias_set=
ac_cv_env_build_alias_value=
ac_cv_env_host_alias_set=
ac_cv_env_host_alias_value=
ac_cv_env_target_alias_set=
ac_cv_env_target_alias_value=
ac_cv_f77_compiler_gnu=yes
ac_cv_func_alarm=yes
ac_cv_func_memmove=yes
ac_cv_func_strchr=yes
ac_cv_func_strtod=yes
ac_cv_func_strtol=yes
ac_cv_func_working_mktime=no
ac_cv_header_dlfcn_h=yes
ac_cv_header_float_h=yes
ac_cv_header_inttypes_h=yes
ac_cv_header_memory_h=yes
ac_cv_header_stdbool_h=yes
ac_cv_header_stdc=yes
ac_cv_header_stdint_h=yes
ac_cv_header_stdlib_h=yes
ac_cv_header_string_h=yes
ac_cv_header_strings_h=yes
ac_cv_header_sys_stat_h=yes
ac_cv_header_sys_time_h=yes
ac_cv_header_sys_types_h=yes
ac_cv_header_time=yes
ac_cv_header_unistd_h=yes
ac_cv_host=x86_64-unknown-linux-gnu
ac_cv_objext=o
ac_cv_path_EGREP='/bin/grep -E'
ac_cv_path_GREP=/bin/grep
ac_cv_path_PYTHON=/usr/bin/python
ac_cv_path_install='/usr/bin/install -c'
ac_cv_path_mkdir=/bin/mkdir
ac_cv_prog_AWK=mawk
ac_cv_prog_CPP='gcc -E'
ac_cv_prog_CXXCPP='g++ -E'
ac_cv_prog_ac_ct_AR=ar
ac_cv_prog_ac_ct_CC=gcc
ac_cv_prog_ac_ct_CXX=g++
ac_cv_prog_ac_ct_F77=gfortran
ac_cv_prog_ac_ct_RANLIB=ranlib
ac_cv_prog_ac_ct_STRIP=strip
ac_cv_prog_cc_c89=
ac_cv_prog_cc_g=yes
ac_cv_prog_cxx_g=yes
ac_cv_prog_f77_g=yes
ac_cv_prog_make_make_set=yes
ac_cv_struct_tm=time.h
ac_cv_type__Bool=yes
am_cv_CC_dependencies_compiler_type=gcc3
am_cv_CXX_dependencies_compiler_type=gcc3
am_cv_prog_tar_ustar=gnutar
lt_cv_deplibs_check_method=pass_all
lt_cv_file_magic_cmd='$MAGIC_CMD'
lt_cv_file_magic_test_file=
lt_cv_ld_reload_flag=-r
lt_cv_objdir=.libs
lt_cv_path_LD=/usr/bin/ld
lt_cv_path_LDCXX='/usr/bin/ld -m elf_x86_64'
lt_cv_path_NM='/usr/bin/nm -B'
lt_cv_path_SED=/bin/sed
lt_cv_prog_compiler_c_o=yes
lt_cv_prog_compiler_c_o_CXX=yes
lt_cv_prog_compiler_c_o_F77=yes
lt_cv_prog_compiler_rtti_exceptions=no
lt_cv_prog_gnu_ld=yes
lt_cv_prog_gnu_ldcxx=yes
lt_cv_sys_global_symbol_pipe='sed -n -e '\''s/^.*[ 	]\([ABCDGIRSTW][ABCDGIRSTW]*\)[ 	][ 	]*\([_A-Za-z][_A-Za-z0-9]*\)$/\1 \2 \2/p'\'''
lt_cv_sys_global_symbol_to_c_name_address='sed -n -e '\''s/^: \([^ ]*\) $/  {\"\1\", (lt_ptr) 0},/p'\'' -e '\''s/^[BCDEGRST] \([^ ]*\) \([^ ]*\)$/  {"\2", (lt_ptr) \&\2},/p'\'''
lt_cv_sys_global_symbol_to_cdecl='sed -n -e '\''s/^. .* \(.*\)$/extern int \1;/p'\'''
lt_cv_sys_max_cmd_len=32768
lt_lt_cv_prog_compiler_c_o='"yes"'
lt_lt_cv_prog_compiler_c_o_CXX='"yes"'
lt_lt_cv_prog_compiler_c_o_F77='"yes"'
lt_lt_cv_sys_global_symbol_pipe='"sed -n -e '\''s/^.*[ 	]\\([ABCDGIRSTW][ABCDGIRSTW]*\\)[ 	][ 	]*\\([_A-Za-z][_A-Za-z0-9]*\\)\$/\\1 \\2 \\2/p'\''"'
lt_lt_cv_sys_global_symbol_to_c_name_address='"sed -n -e '\''s/^: \\([^ ]*\\) \$/  {\\\"\\1\\\", (lt_ptr) 0},/p'\'' -e '\''s/^[BCDEGRST] \\([^ ]*\\) \\([^ ]*\\)\$/  {\"\\2\", (lt_ptr) \\&\\2},/p'\''"'
lt_lt_cv_sys_global_symbol_to_cdecl='"sed -n -e '\''s/^. .* \\(.*\\)\$/extern int \\1;/p'\''"'

## ----------------- ##
## Output variables. ##
## ----------------- ##

ACLOCAL='${SHELL} /srv/R/pkgs/phylobase/src/ncl/config/missing --run aclocal-1.10'
AMDEPBACKSLASH='\'
AMDEP_FALSE='#'
AMDEP_TRUE=''
AMTAR='${SHELL} /srv/R/pkgs/phylobase/src/ncl/config/missing --run tar'
AR='ar'
AUTOCONF='${SHELL} /srv/R/pkgs/phylobase/src/ncl/config/missing --run autoconf'
AUTOHEADER='${SHELL} /srv/R/pkgs/phylobase/src/ncl/config/missing --run autoheader'
AUTOMAKE='${SHELL} /srv/R/pkgs/phylobase/src/ncl/config/missing --run automake-1.10'
AWK='mawk'
CC='gcc'
CCDEPMODE='depmode=gcc3'
CFLAGS='-g -O2'
CPP='gcc -E'
CPPFLAGS=''
CXX='g++'
CXXCPP='g++ -E'
CXXDEPMODE='depmode=gcc3'
CXXFLAGS=' -O3 -ffast-math  -fPIC'
CYGPATH_W='echo'
DEFS='-DHAVE_CONFIG_H'
DEPDIR='.deps'
ECHO='echo'
ECHO_C=''
ECHO_N='-n'
ECHO_T=''
EGREP='/bin/grep -E'
EXEEXT=''
F77='gfortran'
FFLAGS='-g -O2'
GREP='/bin/grep'
INSTALL_DATA='${INSTALL} -m 644'
INSTALL_PROGRAM='${INSTALL}'
INSTALL_SCRIPT='${INSTALL}'
INSTALL_STRIP_PROGRAM='$(install_sh) -c -s'
LDFLAGS=''
LIBOBJS=' ${LIBOBJDIR}mktime$U.o'
LIBS=''
LIBTOOL='$(SHELL) $(top_builddir)/libtool'
LN_S='ln -s'
LTLIBOBJS=' ${LIBOBJDIR}mktime$U.lo'
MAKEINFO='${SHELL} /srv/R/pkgs/phylobase/src/ncl/config/missing --run makeinfo'
MAYBE_TEST_DIR='test'
OBJEXT='o'
PACKAGE='ncl'
PACKAGE_BUGREPORT='paul.lewis@uconn.edu'
PACKAGE_NAME='NCL'
PACKAGE_STRING='NCL 2.0.04'
PACKAGE_TARNAME='ncl'
PACKAGE_VERSION='2.0.04'
PATH_SEPARATOR=':'
POW_LIB=''
PYTHON='/usr/bin/python'
RANLIB='ranlib'
SET_MAKE=''
SHELL='/bin/sh'
STRIP='strip'
VERSION='2.0.04'
ac_ct_CC='gcc'
ac_ct_CXX='g++'
ac_ct_F77='gfortran'
am__fastdepCC_FALSE='#'
am__fastdepCC_TRUE=''
am__fastdepCXX_FALSE='#'
am__fastdepCXX_TRUE=''
am__include='include'
am__isrc=''
am__leading_dot='.'
am__quote=''
am__tar='tar --format=ustar -chf - "$$tardir"'
am__untar='tar -xf -'
bindir='${exec_prefix}/bin'
build='x86_64-unknown-linux-gnu'
build_alias=''
build_cpu='x86_64'
build_os='linux-gnu'
build_vendor='unknown'
datadir='${datarootdir}'
datarootdir='${prefix}/share'
docdir='${datarootdir}/doc/${PACKAGE_TARNAME}'
dvidir='${docdir}'
exec_prefix='${prefix}'
host='x86_64-unknown-linux-gnu'
host_alias=''
host_cpu='x86_64'
host_os='linux-gnu'
host_vendor='unknown'
htmldir='${docdir}'
includedir='${prefix}/include'
infodir='${datarootdir}/info'
install_sh='$(SHELL) /srv/R/pkgs/phylobase/src/ncl/config/install-sh'
libdir='${exec_prefix}/lib'
libexecdir='${exec_prefix}/libexec'
localedir='${datarootdir}/locale'
localstatedir='${prefix}/var'
mandir='${datarootdir}/man'
mkdir_p='/bin/mkdir -p'
oldincludedir='/usr/include'
pdfdir='${docdir}'
prefix='/usr/local'
program_transform_name='s,x,x,'
psdir='${docdir}'
sbindir='${exec_prefix}/sbin'
sharedstatedir='${prefix}/com'
sysconfdir='${prefix}/etc'
target_alias=''

## ----------- ##
## confdefs.h. ##
## ----------- ##

#define PACKAGE_NAME "NCL"
#define PACKAGE_TARNAME "ncl"
#define PACKAGE_VERSION "2.0.04"
#define PACKAGE_STRING "NCL 2.0.04"
#define PACKAGE_BUGREPORT "paul.lewis@uconn.edu"
#define PACKAGE "ncl"
#define VERSION "2.0.04"
#define STDC_HEADERS 1
#define HAVE_SYS_TYPES_H 1
#define HAVE_SYS_STAT_H 1
#define HAVE_STDLIB_H 1
#define HAVE_STRING_H 1
#define HAVE_MEMORY_H 1
#define HAVE_STRINGS_H 1
#define HAVE_INTTYPES_H 1
#define HAVE_STDINT_H 1
#define HAVE_UNISTD_H 1
#define HAVE_DLFCN_H 1
#define STDC_HEADERS 1
#define HAVE_FLOAT_H 1
#define HAVE_STDLIB_H 1
#define HAVE__BOOL 1
#define HAVE_STDBOOL_H 1
#define TIME_WITH_SYS_TIME 1
#define HAVE_SYS_TIME_H 1
#define HAVE_UNISTD_H 1
#define HAVE_ALARM 1
#define HAVE_MEMMOVE 1
#define HAVE_STRCHR 1
#define HAVE_STRTOL 1

configure: exit 0

## ---------------------- ##
## Running config.status. ##
## ---------------------- ##

This file was extended by NCL config.status 2.0.04, which was
generated by GNU Autoconf 2.61.  Invocation command line was

  CONFIG_FILES    = 
  CONFIG_HEADERS  = 
  CONFIG_LINKS    = 
  CONFIG_COMMANDS = 
  $ ./config.status 

on xmorthanc

config.status:671: creating Makefile
config.status:671: creating ncl/Makefile
config.status:671: creating config.h
config.status:910: config.h is unchanged
config.status:956: executing depfiles commands

## ---------------------- ##
## Running config.status. ##
## ---------------------- ##

This file was extended by NCL config.status 2.0.04, which was
generated by GNU Autoconf 2.61.  Invocation command line was

  CONFIG_FILES    = 
  CONFIG_HEADERS  = 
  CONFIG_LINKS    = 
  CONFIG_COMMANDS = 
  $ ./config.status config.h

on xmorthanc

config.status:671: creating config.h
config.status:910: config.h is unchanged
